2023-02-16 02:46:28,503  INFO [main] TestBase:22 - *****************************************Starting LoginPageTest**************************************************
2023-02-16 02:46:28,672 DEBUG [main] InternalLoggerFactory:89 - Using Log4J as the default logging framework
2023-02-16 02:46:28,680 DEBUG [main] ResourceLeakDetector:129 - -Dio.netty.leakDetection.level: simple
2023-02-16 02:46:28,681 DEBUG [main] ResourceLeakDetector:130 - -Dio.netty.leakDetection.targetRecords: 4
2023-02-16 02:46:28,688 DEBUG [main] ResourceLeakDetectorFactory:196 - Loaded default ResourceLeakDetector: io.netty.util.ResourceLeakDetector@3a3e78f
2023-02-16 02:46:28,716 DEBUG [main] PlatformDependent0:495 - -Dio.netty.noUnsafe: false
2023-02-16 02:46:28,719 DEBUG [main] PlatformDependent0:998 - Java version: 15
2023-02-16 02:46:28,722 DEBUG [main] PlatformDependent0:136 - sun.misc.Unsafe.theUnsafe: available
2023-02-16 02:46:28,723 DEBUG [main] PlatformDependent0:160 - sun.misc.Unsafe.copyMemory: available
2023-02-16 02:46:28,725 DEBUG [main] PlatformDependent0:192 - sun.misc.Unsafe.storeFence: available
2023-02-16 02:46:28,727 DEBUG [main] PlatformDependent0:235 - java.nio.Buffer.address: available
2023-02-16 02:46:28,729 DEBUG [main] PlatformDependent0:319 - direct buffer constructor: unavailable: Reflective setAccessible(true) disabled
2023-02-16 02:46:28,730 DEBUG [main] PlatformDependent0:384 - java.nio.Bits.unaligned: available, true
2023-02-16 02:46:28,733 DEBUG [main] PlatformDependent0:451 - jdk.internal.misc.Unsafe.allocateUninitializedArray(int): unavailable: class io.netty.util.internal.PlatformDependent0$7 cannot access class jdk.internal.misc.Unsafe (in module java.base) because module java.base does not export jdk.internal.misc to unnamed module @44040454
2023-02-16 02:46:28,735 DEBUG [main] PlatformDependent0:481 - java.nio.DirectByteBuffer.<init>(long, int): unavailable
2023-02-16 02:46:28,736 DEBUG [main] PlatformDependent:1120 - sun.misc.Unsafe: available
2023-02-16 02:46:28,760 DEBUG [main] PlatformDependent:1231 - maxDirectMemory: 1598029824 bytes (maybe)
2023-02-16 02:46:28,761 DEBUG [main] PlatformDependent:1250 - -Dio.netty.tmpdir: C:\Users\HP\AppData\Local\Temp (java.io.tmpdir)
2023-02-16 02:46:28,761 DEBUG [main] PlatformDependent:1329 - -Dio.netty.bitMode: 64 (sun.arch.data.model)
2023-02-16 02:46:28,764 DEBUG [main] PlatformDependent:1080 - Platform: Windows
2023-02-16 02:46:28,767 DEBUG [main] PlatformDependent:178 - -Dio.netty.maxDirectMemory: -1 bytes
2023-02-16 02:46:28,767 DEBUG [main] PlatformDependent:185 - -Dio.netty.uninitializedArrayAllocationThreshold: -1
2023-02-16 02:46:28,770 DEBUG [main] CleanerJava9:71 - java.nio.ByteBuffer.cleaner(): available
2023-02-16 02:46:28,770 DEBUG [main] PlatformDependent:205 - -Dio.netty.noPreferDirect: false
2023-02-16 02:46:28,785 DEBUG [main] PlatformDependent:971 - org.jctools-core.MpscChunkedArrayQueue: available
2023-02-16 02:46:28,814 DEBUG [main] InternalThreadLocalMap:86 - -Dio.netty.threadLocalMap.stringBuilder.initialSize: 1024
2023-02-16 02:46:28,815 DEBUG [main] InternalThreadLocalMap:89 - -Dio.netty.threadLocalMap.stringBuilder.maxSize: 4096
2023-02-16 02:46:29,056 DEBUG [main] JdkSslContext:83 - Default protocols (JDK): [TLSv1.3, TLSv1.2, TLSv1.1, TLSv1] 
2023-02-16 02:46:29,058 DEBUG [main] JdkSslContext:84 - Default cipher suites (JDK): [TLS_ECDHE_ECDSA_WITH_AES_256_GCM_SHA384, TLS_ECDHE_ECDSA_WITH_AES_128_GCM_SHA256, TLS_ECDHE_RSA_WITH_AES_128_GCM_SHA256, TLS_ECDHE_RSA_WITH_AES_256_GCM_SHA384, TLS_ECDHE_RSA_WITH_AES_128_CBC_SHA, TLS_ECDHE_RSA_WITH_AES_256_CBC_SHA, TLS_RSA_WITH_AES_128_GCM_SHA256, TLS_RSA_WITH_AES_128_CBC_SHA, TLS_RSA_WITH_AES_256_CBC_SHA, TLS_AES_128_GCM_SHA256, TLS_AES_256_GCM_SHA384]
2023-02-16 02:46:29,086 DEBUG [main] MultithreadEventLoopGroup:44 - -Dio.netty.eventLoopThreads: 8
2023-02-16 02:46:29,099 DEBUG [main] NioEventLoop:109 - -Dio.netty.noKeySetOptimization: false
2023-02-16 02:46:29,099 DEBUG [main] NioEventLoop:110 - -Dio.netty.selectorAutoRebuildThreshold: 512
2023-02-16 02:46:29,148 DEBUG [main] PooledByteBufAllocator:157 - -Dio.netty.allocator.numHeapArenas: 8
2023-02-16 02:46:29,148 DEBUG [main] PooledByteBufAllocator:158 - -Dio.netty.allocator.numDirectArenas: 8
2023-02-16 02:46:29,149 DEBUG [main] PooledByteBufAllocator:160 - -Dio.netty.allocator.pageSize: 8192
2023-02-16 02:46:29,149 DEBUG [main] PooledByteBufAllocator:165 - -Dio.netty.allocator.maxOrder: 9
2023-02-16 02:46:29,150 DEBUG [main] PooledByteBufAllocator:169 - -Dio.netty.allocator.chunkSize: 4194304
2023-02-16 02:46:29,150 DEBUG [main] PooledByteBufAllocator:170 - -Dio.netty.allocator.smallCacheSize: 256
2023-02-16 02:46:29,150 DEBUG [main] PooledByteBufAllocator:171 - -Dio.netty.allocator.normalCacheSize: 64
2023-02-16 02:46:29,151 DEBUG [main] PooledByteBufAllocator:172 - -Dio.netty.allocator.maxCachedBufferCapacity: 32768
2023-02-16 02:46:29,151 DEBUG [main] PooledByteBufAllocator:173 - -Dio.netty.allocator.cacheTrimInterval: 8192
2023-02-16 02:46:29,151 DEBUG [main] PooledByteBufAllocator:174 - -Dio.netty.allocator.cacheTrimIntervalMillis: 0
2023-02-16 02:46:29,152 DEBUG [main] PooledByteBufAllocator:175 - -Dio.netty.allocator.useCacheForAllThreads: false
2023-02-16 02:46:29,152 DEBUG [main] PooledByteBufAllocator:176 - -Dio.netty.allocator.maxCachedByteBuffersPerChunk: 1023
2023-02-16 02:46:29,167 DEBUG [main] ByteBufUtil:87 - -Dio.netty.allocator.type: pooled
2023-02-16 02:46:29,168 DEBUG [main] ByteBufUtil:96 - -Dio.netty.threadLocalDirectBufferSize: 0
2023-02-16 02:46:29,169 DEBUG [main] ByteBufUtil:99 - -Dio.netty.maxThreadLocalCharBufferSize: 16384
2023-02-16 02:46:29,988 DEBUG [Forwarding newSession on session null to remote] DefaultChannelId:79 - -Dio.netty.processId: 10704 (auto-detected)
2023-02-16 02:46:29,991 DEBUG [Forwarding newSession on session null to remote] NetUtil:136 - -Djava.net.preferIPv4Stack: false
2023-02-16 02:46:29,992 DEBUG [Forwarding newSession on session null to remote] NetUtil:137 - -Djava.net.preferIPv6Addresses: false
2023-02-16 02:46:30,007 DEBUG [Forwarding newSession on session null to remote] NetUtilInitializations:129 - Loopback interface: lo (Software Loopback Interface 1, 127.0.0.1)
2023-02-16 02:46:30,008 DEBUG [Forwarding newSession on session null to remote] NetUtil:191 - Failed to get SOMAXCONN from sysctl and file \proc\sys\net\core\somaxconn. Default: 200
2023-02-16 02:46:30,043 DEBUG [Forwarding newSession on session null to remote] DefaultChannelId:101 - -Dio.netty.machineId: d8:c0:a6:ff:fe:39:97:b3 (auto-detected)
2023-02-16 02:46:30,103 DEBUG [AsyncHttpClient-1-2] AbstractByteBuf:63 - -Dio.netty.buffer.checkAccessible: true
2023-02-16 02:46:30,103 DEBUG [AsyncHttpClient-1-2] AbstractByteBuf:64 - -Dio.netty.buffer.checkBounds: true
2023-02-16 02:46:30,103 DEBUG [AsyncHttpClient-1-2] ResourceLeakDetectorFactory:196 - Loaded default ResourceLeakDetector: io.netty.util.ResourceLeakDetector@45bf2e71
2023-02-16 02:46:30,128 DEBUG [AsyncHttpClient-1-2] Recycler:85 - -Dio.netty.recycler.maxCapacityPerThread: 4096
2023-02-16 02:46:30,128 DEBUG [AsyncHttpClient-1-2] Recycler:86 - -Dio.netty.recycler.ratio: 8
2023-02-16 02:46:30,129 DEBUG [AsyncHttpClient-1-2] Recycler:87 - -Dio.netty.recycler.chunkSize: 32
2023-02-16 02:46:30,130 DEBUG [AsyncHttpClient-1-2] Recycler:88 - -Dio.netty.recycler.blocking: false
2023-02-16 02:46:31,393 DEBUG [AsyncHttpClient-1-2] Brotli:38 - brotli4j not in the classpath; Brotli support will be unavailable.
2023-02-16 02:46:31,665 DEBUG [main] ThreadLocalRandom:214 - -Dio.netty.initialSeedUniquifier: 0x0d4d8f4e1d0f67f6
2023-02-16 02:46:35,999  INFO [main] TestBase:71 - *****************************************Entering url**************************************************
2023-02-16 02:46:36,051  INFO [main] TestBase:30 - *****************************************loginPageTitleTest**************************************************
2023-02-16 02:46:36,067  INFO [main] TestBase:51 - *****************************************closing browser **************************************************
2023-02-16 02:46:36,824  INFO [main] TestBase:22 - *****************************************Starting LoginPageTest**************************************************
2023-02-16 02:46:43,219  INFO [main] TestBase:71 - *****************************************Entering url**************************************************
2023-02-16 02:46:43,227  INFO [main] TestBase:37 - *****************************************crmLogoImageTest**************************************************
2023-02-16 02:46:43,350  INFO [main] TestBase:51 - *****************************************closing browser **************************************************
2023-02-16 02:46:44,162  INFO [main] TestBase:22 - *****************************************Starting LoginPageTest**************************************************
2023-02-16 02:46:50,793  INFO [main] TestBase:71 - *****************************************Entering url**************************************************
2023-02-16 02:46:50,799  INFO [main] TestBase:44 - *****************************************starting loginTest**************************************************
2023-02-16 02:46:56,609  INFO [main] TestBase:51 - *****************************************closing browser **************************************************
2023-02-16 02:46:57,305  INFO [main] TestBase:25 - *****************************************Starting HomePageTest TestCases **************************************************
2023-02-16 02:47:03,679  INFO [main] TestBase:71 - *****************************************Entering url**************************************************
2023-02-16 02:47:08,767  INFO [main] TestBase:36 - *****************************************Starting verifyHomePageTitleTest **************************************************
2023-02-16 02:47:08,778  INFO [main] TestBase:58 - *****************************************closing browser **************************************************
2023-02-16 02:47:09,485  INFO [main] TestBase:25 - *****************************************Starting HomePageTest TestCases **************************************************
2023-02-16 02:47:16,168  INFO [main] TestBase:71 - *****************************************Entering url**************************************************
2023-02-16 02:47:23,367  INFO [main] TestBase:44 - *****************************************verifyUserNameTest **************************************************
2023-02-16 02:47:23,439  INFO [main] TestBase:58 - *****************************************closing browser **************************************************
2023-02-16 02:47:24,161  INFO [main] TestBase:25 - *****************************************Starting HomePageTest TestCases **************************************************
2023-02-16 02:47:31,003  INFO [main] TestBase:71 - *****************************************Entering url**************************************************
2023-02-16 02:47:36,683  INFO [main] TestBase:51 - *****************************************verifyContactsLinkTest **************************************************
2023-02-16 02:47:37,750  INFO [main] TestBase:58 - *****************************************closing browser **************************************************
2023-02-16 02:47:38,504  INFO [main] TestBase:30 - *****************************************Starting Contactpage TestCases**************************************************
2023-02-16 02:47:44,733  INFO [main] TestBase:71 - *****************************************Entering url**************************************************
2023-02-16 02:47:50,616  INFO [main] TestBase:42 - *****************************************Starting verifyContactsPageLabel test **************************************************
2023-02-16 02:47:50,654  INFO [main] TestBase:75 - ******************************************* Browser is closed *************************************************
2023-02-16 02:47:51,360  INFO [main] TestBase:30 - *****************************************Starting Contactpage TestCases**************************************************
2023-02-16 02:47:56,934  INFO [main] TestBase:71 - *****************************************Entering url**************************************************
2023-02-16 02:48:05,477  INFO [main] TestBase:48 - *****************************************Starting selectSingleContactsTest **************************************************
2023-02-16 02:48:05,585  INFO [main] TestBase:75 - ******************************************* Browser is closed *************************************************
2023-02-16 02:48:06,267  INFO [main] TestBase:30 - *****************************************Starting Contactpage TestCases**************************************************
2023-02-16 02:48:12,383  INFO [main] TestBase:71 - *****************************************Entering url**************************************************
2023-02-16 02:48:19,870  INFO [main] TestBase:54 - *****************************************Starting selectMultipleContactsTest **************************************************
2023-02-16 02:48:20,094  INFO [main] TestBase:75 - ******************************************* Browser is closed *************************************************
2023-02-16 02:48:21,784  INFO [main] TestBase:30 - *****************************************Starting Contactpage TestCases**************************************************
2023-02-16 02:48:30,863  INFO [main] TestBase:71 - *****************************************Entering url**************************************************
2023-02-16 02:48:48,860  INFO [main] TestBase:67 - *****************************************Starting validateCreateNewContact test **************************************************
2023-02-16 02:48:52,085  INFO [main] TestBase:75 - ******************************************* Browser is closed *************************************************
2023-02-16 02:48:52,803  INFO [main] TestBase:30 - *****************************************Starting Contactpage TestCases**************************************************
2023-02-16 02:49:04,740  INFO [main] TestBase:71 - *****************************************Entering url**************************************************
2023-02-16 02:49:10,843  INFO [main] TestBase:67 - *****************************************Starting validateCreateNewContact test **************************************************
2023-02-16 02:49:14,220  INFO [main] TestBase:75 - ******************************************* Browser is closed *************************************************
2023-02-16 02:49:14,923  INFO [main] TestBase:30 - *****************************************Starting Contactpage TestCases**************************************************
2023-02-16 02:49:20,964  INFO [main] TestBase:71 - *****************************************Entering url**************************************************
2023-02-16 02:49:35,971  INFO [main] TestBase:67 - *****************************************Starting validateCreateNewContact test **************************************************
2023-02-16 02:49:40,248  INFO [main] TestBase:75 - ******************************************* Browser is closed *************************************************
2023-02-16 02:49:41,297 DEBUG [main] cache:45 - Couldn't find template in cache for "Extent.ftl"("en_US", UTF-8, parsed); will try to load it.
2023-02-16 02:49:41,297 DEBUG [main] cache:45 - TemplateLoader.findTemplateSource("Extent_en_US.ftl"): Not found
2023-02-16 02:49:41,297 DEBUG [main] cache:45 - TemplateLoader.findTemplateSource("Extent_en.ftl"): Not found
2023-02-16 02:49:41,297 DEBUG [main] cache:45 - TemplateLoader.findTemplateSource("Extent.ftl"): Found
2023-02-16 02:49:41,297 DEBUG [main] cache:45 - Loading template for "Extent.ftl"("en_US", UTF-8, parsed) from "jar:file:/C:/Users/HP/.m2/repository/com/relevantcodes/extentreports/2.41.2/extentreports-2.41.2.jar!/com/relevantcodes/extentreports/view/Extent.ftl"
2023-02-16 02:49:41,611 DEBUG [main] cache:45 - Couldn't find template in cache for "Extent.ftl"("en_US", UTF-8, parsed); will try to load it.
2023-02-16 02:49:41,611 DEBUG [main] cache:45 - TemplateLoader.findTemplateSource("Extent_en_US.ftl"): Not found
2023-02-16 02:49:41,611 DEBUG [main] cache:45 - TemplateLoader.findTemplateSource("Extent_en.ftl"): Not found
2023-02-16 02:49:41,611 DEBUG [main] cache:45 - TemplateLoader.findTemplateSource("Extent.ftl"): Found
2023-02-16 02:49:41,611 DEBUG [main] cache:45 - Loading template for "Extent.ftl"("en_US", UTF-8, parsed) from "jar:file:/C:/Users/HP/.m2/repository/com/relevantcodes/extentreports/2.41.2/extentreports-2.41.2.jar!/com/relevantcodes/extentreports/view/Extent.ftl"
